# JRE version: Java(TM) SE Runtime Environment (21.0.1+12) (build 21.0.1+12-LTS-29)
# Java VM: Java HotSpot(TM) 64-Bit Server VM (21.0.1+12-LTS-29, mixed mode, sharing, tiered, compressed oops, compressed class ptrs, g1 gc, windows-amd64)
GC Precious Log:
 CardTable entry size: 512
 Card Set container configuration: InlinePtr #cards 4 size 8 Array Of Cards #cards 32 size 80 Howl #buckets 8 coarsen threshold 7372 Howl Bitmap #cards 1024 size 144 coarsen threshold 921 Card regions per heap region 1 cards per card region 8192
 CPUs: 12 total, 12 available
 Memory: 16087M
 Large Page Support: Disabled
 NUMA Support: Disabled
 Compressed Oops: Enabled (Zero based)
 Heap Region Size: 4M
 Heap Min Capacity: 8M
 Heap Initial Capacity: 252M
 Heap Max Capacity: 8G
 Pre-touch: Disabled
 Parallel Workers: 10
 Concurrent Workers: 3
 Concurrent Refinement Workers: 10
 Periodic GC: Disabled
Heap:
 garbage-first heap   total 143360K, used 102961K [0x0000000600000000, 0x0000000800000000)
  region size 4096K, 7 young (28672K), 2 survivors (8192K)
 Metaspace       used 78168K, committed 80448K, reserved 1179648K
  class space    used 11199K, committed 12352K, reserved 1048576K
GC Heap History (20 events):
Event: 22.271 GC heap before
{Heap before GC invocations=13 (full 0):
 garbage-first heap   total 135168K, used 104780K [0x0000000600000000, 0x0000000800000000)
  region size 4096K, 16 young (65536K), 3 survivors (12288K)
 Metaspace       used 57736K, committed 59712K, reserved 1114112K
  class space    used 8272K, committed 9216K, reserved 1048576K
}
Event: 22.277 GC heap after
{Heap after GC invocations=14 (full 0):
 garbage-first heap   total 135168K, used 55338K [0x0000000600000000, 0x0000000800000000)
  region size 4096K, 2 young (8192K), 2 survivors (8192K)
 Metaspace       used 57736K, committed 59712K, reserved 1114112K
  class space    used 8272K, committed 9216K, reserved 1048576K
}
Event: 22.492 GC heap before
{Heap before GC invocations=14 (full 0):
 garbage-first heap   total 135168K, used 67626K [0x0000000600000000, 0x0000000800000000)
  region size 4096K, 6 young (24576K), 2 survivors (8192K)
 Metaspace       used 58784K, committed 60800K, reserved 1114112K
  class space    used 8463K, committed 9472K, reserved 1048576K
}
Event: 22.495 GC heap after
{Heap after GC invocations=15 (full 0):
 garbage-first heap   total 135168K, used 56373K [0x0000000600000000, 0x0000000800000000)
  region size 4096K, 1 young (4096K), 1 survivors (4096K)
 Metaspace       used 58784K, committed 60800K, reserved 1114112K
  class space    used 8463K, committed 9472K, reserved 1048576K
}
Event: 23.667 GC heap before
{Heap before GC invocations=16 (full 0):
 garbage-first heap   total 135168K, used 117813K [0x0000000600000000, 0x0000000800000000)
  region size 4096K, 15 young (61440K), 1 survivors (4096K)
 Metaspace       used 63912K, committed 66048K, reserved 1114112K
  class space    used 9169K, committed 10240K, reserved 1048576K
}
Event: 23.670 GC heap after
{Heap after GC invocations=17 (full 0):
 garbage-first heap   total 135168K, used 64844K [0x0000000600000000, 0x0000000800000000)
  region size 4096K, 2 young (8192K), 2 survivors (8192K)
 Metaspace       used 63912K, committed 66048K, reserved 1114112K
  class space    used 9169K, committed 10240K, reserved 1048576K
}
Event: 24.598 GC heap before
{Heap before GC invocations=17 (full 0):
 garbage-first heap   total 135168K, used 109900K [0x0000000600000000, 0x0000000800000000)
  region size 4096K, 13 young (53248K), 2 survivors (8192K)
 Metaspace       used 68098K, committed 70144K, reserved 1114112K
  class space    used 9692K, committed 10688K, reserved 1048576K
}
Event: 24.602 GC heap after
{Heap after GC invocations=18 (full 0):
 garbage-first heap   total 135168K, used 66593K [0x0000000600000000, 0x0000000800000000)
  region size 4096K, 1 young (4096K), 1 survivors (4096K)
 Metaspace       used 68098K, committed 70144K, reserved 1114112K
  class space    used 9692K, committed 10688K, reserved 1048576K
}
Event: 24.680 GC heap before
{Heap before GC invocations=18 (full 0):
 garbage-first heap   total 135168K, used 70689K [0x0000000600000000, 0x0000000800000000)
  region size 4096K, 3 young (12288K), 1 survivors (4096K)
 Metaspace       used 68460K, committed 70528K, reserved 1114112K
  class space    used 9746K, committed 10752K, reserved 1048576K
}
Event: 24.683 GC heap after
{Heap after GC invocations=19 (full 0):
 garbage-first heap   total 135168K, used 66633K [0x0000000600000000, 0x0000000800000000)
  region size 4096K, 1 young (4096K), 1 survivors (4096K)
 Metaspace       used 68460K, committed 70528K, reserved 1114112K
  class space    used 9746K, committed 10752K, reserved 1048576K
}
Event: 25.527 GC heap before
{Heap before GC invocations=20 (full 0):
 garbage-first heap   total 135168K, used 119881K [0x0000000600000000, 0x0000000800000000)
  region size 4096K, 13 young (53248K), 1 survivors (4096K)
 Metaspace       used 71528K, committed 73600K, reserved 1114112K
  class space    used 10192K, committed 11200K, reserved 1048576K
}
Event: 25.531 GC heap after
{Heap after GC invocations=21 (full 0):
 garbage-first heap   total 135168K, used 73539K [0x0000000600000000, 0x0000000800000000)
  region size 4096K, 2 young (8192K), 2 survivors (8192K)
 Metaspace       used 71528K, committed 73600K, reserved 1114112K
  class space    used 10192K, committed 11200K, reserved 1048576K
}
Event: 26.170 GC heap before
{Heap before GC invocations=21 (full 0):
 garbage-first heap   total 135168K, used 110403K [0x0000000600000000, 0x0000000800000000)
  region size 4096K, 11 young (45056K), 2 survivors (8192K)
 Metaspace       used 72951K, committed 75136K, reserved 1114112K
  class space    used 10386K, committed 11456K, reserved 1048576K
}
Event: 26.177 GC heap after
{Heap after GC invocations=22 (full 0):
 garbage-first heap   total 135168K, used 76386K [0x0000000600000000, 0x0000000800000000)
  region size 4096K, 2 young (8192K), 2 survivors (8192K)
 Metaspace       used 72951K, committed 75136K, reserved 1114112K
  class space    used 10386K, committed 11456K, reserved 1048576K
}
Event: 27.029 GC heap before
{Heap before GC invocations=22 (full 0):
 garbage-first heap   total 135168K, used 113250K [0x0000000600000000, 0x0000000800000000)
  region size 4096K, 11 young (45056K), 2 survivors (8192K)
 Metaspace       used 74477K, committed 76736K, reserved 1114112K
  class space    used 10602K, committed 11712K, reserved 1048576K
}
Event: 27.035 GC heap after
{Heap after GC invocations=23 (full 0):
 garbage-first heap   total 135168K, used 80420K [0x0000000600000000, 0x0000000800000000)
  region size 4096K, 2 young (8192K), 2 survivors (8192K)
 Metaspace       used 74477K, committed 76736K, reserved 1114112K
  class space    used 10602K, committed 11712K, reserved 1048576K
}
Event: 27.898 GC heap before
{Heap before GC invocations=24 (full 0):
 garbage-first heap   total 143360K, used 109092K [0x0000000600000000, 0x0000000800000000)
  region size 4096K, 10 young (40960K), 2 survivors (8192K)
 Metaspace       used 76957K, committed 79168K, reserved 1179648K
  class space    used 11055K, committed 12160K, reserved 1048576K
}
Event: 27.903 GC heap after
{Heap after GC invocations=25 (full 0):
 garbage-first heap   total 143360K, used 83180K [0x0000000600000000, 0x0000000800000000)
  region size 4096K, 2 young (8192K), 2 survivors (8192K)
 Metaspace       used 76957K, committed 79168K, reserved 1179648K
  class space    used 11055K, committed 12160K, reserved 1048576K
}
Event: 28.822 GC heap before
{Heap before GC invocations=25 (full 0):
 garbage-first heap   total 143360K, used 120044K [0x0000000600000000, 0x0000000800000000)
  region size 4096K, 11 young (45056K), 2 survivors (8192K)
 Metaspace       used 78014K, committed 80256K, reserved 1179648K
  class space    used 11189K, committed 12288K, reserved 1048576K
}
Event: 28.829 GC heap after
{Heap after GC invocations=26 (full 0):
 garbage-first heap   total 143360K, used 86577K [0x0000000600000000, 0x0000000800000000)
  region size 4096K, 2 young (8192K), 2 survivors (8192K)
 Metaspace       used 78014K, committed 80256K, reserved 1179648K
  class space    used 11189K, committed 12288K, reserved 1048576K
}

