# JRE version: OpenJDK Runtime Environment Temurin-21.0.10+7 (21.0.10+7) (build 21.0.10+7-LTS)
# Java VM: OpenJDK 64-Bit Server VM Temurin-21.0.10+7 (21.0.10+7-LTS, mixed mode, sharing, tiered, compressed oops, compressed class ptrs, parallel gc, windows-amd64)
GC Precious Log:
 CardTable entry size: 512
 CPUs: 12 total, 12 available
 Memory: 16087M
 Large Page Support: Disabled
 NUMA Support: Disabled
 Compressed Oops: Enabled (32-bit)
 Alignments: Space 512K, Generation 512K, Heap 2M
 Heap Min Capacity: 100M
 Heap Initial Capacity: 100M
 Heap Max Capacity: 2G
 Pre-touch: Disabled
 Parallel Workers: 10
Heap:
 PSYoungGen      total 21504K, used 16028K [0x00000000d5580000, 0x00000000d6c00000, 0x0000000100000000)
  eden space 20992K, 74% used [0x00000000d5580000,0x00000000d64c7180,0x00000000d6a00000)
  from space 512K, 75% used [0x00000000d6b80000,0x00000000d6be0000,0x00000000d6c00000)
  to   space 1024K, 0% used [0x00000000d6a00000,0x00000000d6a00000,0x00000000d6b00000)
 ParOldGen       total 68608K, used 43385K [0x0000000080000000, 0x0000000084300000, 0x00000000d5580000)
  object space 68608K, 63% used [0x0000000080000000,0x0000000082a5e7c0,0x0000000084300000)
 Metaspace       used 65204K, committed 66752K, reserved 1114112K
  class space    used 8274K, committed 8960K, reserved 1048576K
GC Heap History (20 events):
Event: 24.664 GC heap before
{Heap before GC invocations=36 (full 3):
 PSYoungGen      total 21504K, used 21484K [0x00000000d5580000, 0x00000000d6e80000, 0x0000000100000000)
  eden space 20992K, 100% used [0x00000000d5580000,0x00000000d6a00000,0x00000000d6a00000)
  from space 512K, 96% used [0x00000000d6e00000,0x00000000d6e7b010,0x00000000d6e80000)
  to   space 1536K, 0% used [0x00000000d6b80000,0x00000000d6b80000,0x00000000d6d00000)
 ParOldGen       total 68608K, used 40522K [0x0000000080000000, 0x0000000084300000, 0x00000000d5580000)
  object space 68608K, 59% used [0x0000000080000000,0x00000000827929a0,0x0000000084300000)
 Metaspace       used 59965K, committed 61312K, reserved 1114112K
  class space    used 7615K, committed 8192K, reserved 1048576K
}
Event: 24.665 GC heap after
{Heap after GC invocations=36 (full 3):
 PSYoungGen      total 22528K, used 979K [0x00000000d5580000, 0x00000000d6e80000, 0x0000000100000000)
  eden space 20992K, 0% used [0x00000000d5580000,0x00000000d5580000,0x00000000d6a00000)
  from space 1536K, 63% used [0x00000000d6b80000,0x00000000d6c74ea8,0x00000000d6d00000)
  to   space 1536K, 0% used [0x00000000d6d00000,0x00000000d6d00000,0x00000000d6e80000)
 ParOldGen       total 68608K, used 40586K [0x0000000080000000, 0x0000000084300000, 0x00000000d5580000)
  object space 68608K, 59% used [0x0000000080000000,0x00000000827a29a0,0x0000000084300000)
 Metaspace       used 59965K, committed 61312K, reserved 1114112K
  class space    used 7615K, committed 8192K, reserved 1048576K
}
Event: 24.888 GC heap before
{Heap before GC invocations=37 (full 3):
 PSYoungGen      total 22528K, used 21971K [0x00000000d5580000, 0x00000000d6e80000, 0x0000000100000000)
  eden space 20992K, 100% used [0x00000000d5580000,0x00000000d6a00000,0x00000000d6a00000)
  from space 1536K, 63% used [0x00000000d6b80000,0x00000000d6c74ea8,0x00000000d6d00000)
  to   space 1536K, 0% used [0x00000000d6d00000,0x00000000d6d00000,0x00000000d6e80000)
 ParOldGen       total 68608K, used 40586K [0x0000000080000000, 0x0000000084300000, 0x00000000d5580000)
  object space 68608K, 59% used [0x0000000080000000,0x00000000827a29a0,0x0000000084300000)
 Metaspace       used 59966K, committed 61312K, reserved 1114112K
  class space    used 7615K, committed 8192K, reserved 1048576K
}
Event: 24.889 GC heap after
{Heap after GC invocations=37 (full 3):
 PSYoungGen      total 22016K, used 759K [0x00000000d5580000, 0x00000000d6e00000, 0x0000000100000000)
  eden space 20992K, 0% used [0x00000000d5580000,0x00000000d5580000,0x00000000d6a00000)
  from space 1024K, 74% used [0x00000000d6d00000,0x00000000d6dbdfb8,0x00000000d6e00000)
  to   space 1024K, 0% used [0x00000000d6c00000,0x00000000d6c00000,0x00000000d6d00000)
 ParOldGen       total 68608K, used 40650K [0x0000000080000000, 0x0000000084300000, 0x00000000d5580000)
  object space 68608K, 59% used [0x0000000080000000,0x00000000827b29a0,0x0000000084300000)
 Metaspace       used 59966K, committed 61312K, reserved 1114112K
  class space    used 7615K, committed 8192K, reserved 1048576K
}
Event: 25.209 GC heap before
{Heap before GC invocations=38 (full 3):
 PSYoungGen      total 22016K, used 21751K [0x00000000d5580000, 0x00000000d6e00000, 0x0000000100000000)
  eden space 20992K, 100% used [0x00000000d5580000,0x00000000d6a00000,0x00000000d6a00000)
  from space 1024K, 74% used [0x00000000d6d00000,0x00000000d6dbdfb8,0x00000000d6e00000)
  to   space 1024K, 0% used [0x00000000d6c00000,0x00000000d6c00000,0x00000000d6d00000)
 ParOldGen       total 68608K, used 40650K [0x0000000080000000, 0x0000000084300000, 0x00000000d5580000)
  object space 68608K, 59% used [0x0000000080000000,0x00000000827b29a0,0x0000000084300000)
 Metaspace       used 59966K, committed 61312K, reserved 1114112K
  class space    used 7615K, committed 8192K, reserved 1048576K
}
Event: 25.210 GC heap after
{Heap after GC invocations=38 (full 3):
 PSYoungGen      total 21504K, used 399K [0x00000000d5580000, 0x00000000d6d80000, 0x0000000100000000)
  eden space 20992K, 0% used [0x00000000d5580000,0x00000000d5580000,0x00000000d6a00000)
  from space 512K, 77% used [0x00000000d6c00000,0x00000000d6c63cd8,0x00000000d6c80000)
  to   space 1024K, 0% used [0x00000000d6c80000,0x00000000d6c80000,0x00000000d6d80000)
 ParOldGen       total 68608K, used 40690K [0x0000000080000000, 0x0000000084300000, 0x00000000d5580000)
  object space 68608K, 59% used [0x0000000080000000,0x00000000827bc9a0,0x0000000084300000)
 Metaspace       used 59966K, committed 61312K, reserved 1114112K
  class space    used 7615K, committed 8192K, reserved 1048576K
}
Event: 25.459 GC heap before
{Heap before GC invocations=39 (full 3):
 PSYoungGen      total 21504K, used 21379K [0x00000000d5580000, 0x00000000d6d80000, 0x0000000100000000)
  eden space 20992K, 99% used [0x00000000d5580000,0x00000000d69fd1a0,0x00000000d6a00000)
  from space 512K, 77% used [0x00000000d6c00000,0x00000000d6c63cd8,0x00000000d6c80000)
  to   space 1024K, 0% used [0x00000000d6c80000,0x00000000d6c80000,0x00000000d6d80000)
 ParOldGen       total 68608K, used 40690K [0x0000000080000000, 0x0000000084300000, 0x00000000d5580000)
  object space 68608K, 59% used [0x0000000080000000,0x00000000827bc9a0,0x0000000084300000)
 Metaspace       used 59966K, committed 61312K, reserved 1114112K
  class space    used 7615K, committed 8192K, reserved 1048576K
}
Event: 25.460 GC heap after
{Heap after GC invocations=39 (full 3):
 PSYoungGen      total 21504K, used 330K [0x00000000d5580000, 0x00000000d6d00000, 0x0000000100000000)
  eden space 20992K, 0% used [0x00000000d5580000,0x00000000d5580000,0x00000000d6a00000)
  from space 512K, 64% used [0x00000000d6c80000,0x00000000d6cd29a0,0x00000000d6d00000)
  to   space 512K, 0% used [0x00000000d6c00000,0x00000000d6c00000,0x00000000d6c80000)
 ParOldGen       total 68608K, used 40722K [0x0000000080000000, 0x0000000084300000, 0x00000000d5580000)
  object space 68608K, 59% used [0x0000000080000000,0x00000000827c49a0,0x0000000084300000)
 Metaspace       used 59966K, committed 61312K, reserved 1114112K
  class space    used 7615K, committed 8192K, reserved 1048576K
}
Event: 25.681 GC heap before
{Heap before GC invocations=40 (full 3):
 PSYoungGen      total 21504K, used 21322K [0x00000000d5580000, 0x00000000d6d00000, 0x0000000100000000)
  eden space 20992K, 100% used [0x00000000d5580000,0x00000000d6a00000,0x00000000d6a00000)
  from space 512K, 64% used [0x00000000d6c80000,0x00000000d6cd29a0,0x00000000d6d00000)
  to   space 512K, 0% used [0x00000000d6c00000,0x00000000d6c00000,0x00000000d6c80000)
 ParOldGen       total 68608K, used 40722K [0x0000000080000000, 0x0000000084300000, 0x00000000d5580000)
  object space 68608K, 59% used [0x0000000080000000,0x00000000827c49a0,0x0000000084300000)
 Metaspace       used 59966K, committed 61312K, reserved 1114112K
  class space    used 7615K, committed 8192K, reserved 1048576K
}
Event: 25.681 GC heap after
{Heap after GC invocations=40 (full 3):
 PSYoungGen      total 21504K, used 245K [0x00000000d5580000, 0x00000000d6d00000, 0x0000000100000000)
  eden space 20992K, 0% used [0x00000000d5580000,0x00000000d5580000,0x00000000d6a00000)
  from space 512K, 47% used [0x00000000d6c00000,0x00000000d6c3d4b8,0x00000000d6c80000)
  to   space 512K, 0% used [0x00000000d6c80000,0x00000000d6c80000,0x00000000d6d00000)
 ParOldGen       total 68608K, used 40746K [0x0000000080000000, 0x0000000084300000, 0x00000000d5580000)
  object space 68608K, 59% used [0x0000000080000000,0x00000000827ca9a0,0x0000000084300000)
 Metaspace       used 59966K, committed 61312K, reserved 1114112K
  class space    used 7615K, committed 8192K, reserved 1048576K
}
Event: 25.872 GC heap before
{Heap before GC invocations=41 (full 3):
 PSYoungGen      total 21504K, used 21237K [0x00000000d5580000, 0x00000000d6d00000, 0x0000000100000000)
  eden space 20992K, 100% used [0x00000000d5580000,0x00000000d6a00000,0x00000000d6a00000)
  from space 512K, 47% used [0x00000000d6c00000,0x00000000d6c3d4b8,0x00000000d6c80000)
  to   space 512K, 0% used [0x00000000d6c80000,0x00000000d6c80000,0x00000000d6d00000)
 ParOldGen       total 68608K, used 40746K [0x0000000080000000, 0x0000000084300000, 0x00000000d5580000)
  object space 68608K, 59% used [0x0000000080000000,0x00000000827ca9a0,0x0000000084300000)
 Metaspace       used 59966K, committed 61312K, reserved 1114112K
  class space    used 7615K, committed 8192K, reserved 1048576K
}
Event: 25.873 GC heap after
{Heap after GC invocations=41 (full 3):
 PSYoungGen      total 21504K, used 224K [0x00000000d5580000, 0x00000000d6d00000, 0x0000000100000000)
  eden space 20992K, 0% used [0x00000000d5580000,0x00000000d5580000,0x00000000d6a00000)
  from space 512K, 43% used [0x00000000d6c80000,0x00000000d6cb8000,0x00000000d6d00000)
  to   space 512K, 0% used [0x00000000d6c00000,0x00000000d6c00000,0x00000000d6c80000)
 ParOldGen       total 68608K, used 40822K [0x0000000080000000, 0x0000000084300000, 0x00000000d5580000)
  object space 68608K, 59% used [0x0000000080000000,0x00000000827dda70,0x0000000084300000)
 Metaspace       used 59966K, committed 61312K, reserved 1114112K
  class space    used 7615K, committed 8192K, reserved 1048576K
}
Event: 26.973 GC heap before
{Heap before GC invocations=42 (full 3):
 PSYoungGen      total 21504K, used 21216K [0x00000000d5580000, 0x00000000d6d00000, 0x0000000100000000)
  eden space 20992K, 100% used [0x00000000d5580000,0x00000000d6a00000,0x00000000d6a00000)
  from space 512K, 43% used [0x00000000d6c80000,0x00000000d6cb8000,0x00000000d6d00000)
  to   space 512K, 0% used [0x00000000d6c00000,0x00000000d6c00000,0x00000000d6c80000)
 ParOldGen       total 68608K, used 40822K [0x0000000080000000, 0x0000000084300000, 0x00000000d5580000)
  object space 68608K, 59% used [0x0000000080000000,0x00000000827dda70,0x0000000084300000)
 Metaspace       used 62215K, committed 63680K, reserved 1114112K
  class space    used 7968K, committed 8640K, reserved 1048576K
}
Event: 26.974 GC heap after
{Heap after GC invocations=42 (full 3):
 PSYoungGen      total 21504K, used 500K [0x00000000d5580000, 0x00000000d6d00000, 0x0000000100000000)
  eden space 20992K, 0% used [0x00000000d5580000,0x00000000d5580000,0x00000000d6a00000)
  from space 512K, 97% used [0x00000000d6c00000,0x00000000d6c7d230,0x00000000d6c80000)
  to   space 512K, 0% used [0x00000000d6c80000,0x00000000d6c80000,0x00000000d6d00000)
 ParOldGen       total 68608K, used 41109K [0x0000000080000000, 0x0000000084300000, 0x00000000d5580000)
  object space 68608K, 59% used [0x0000000080000000,0x00000000828256b0,0x0000000084300000)
 Metaspace       used 62215K, committed 63680K, reserved 1114112K
  class space    used 7968K, committed 8640K, reserved 1048576K
}
Event: 46.297 GC heap before
{Heap before GC invocations=43 (full 3):
 PSYoungGen      total 21504K, used 21492K [0x00000000d5580000, 0x00000000d6d00000, 0x0000000100000000)
  eden space 20992K, 100% used [0x00000000d5580000,0x00000000d6a00000,0x00000000d6a00000)
  from space 512K, 97% used [0x00000000d6c00000,0x00000000d6c7d230,0x00000000d6c80000)
  to   space 512K, 0% used [0x00000000d6c80000,0x00000000d6c80000,0x00000000d6d00000)
 ParOldGen       total 68608K, used 41109K [0x0000000080000000, 0x0000000084300000, 0x00000000d5580000)
  object space 68608K, 59% used [0x0000000080000000,0x00000000828256b0,0x0000000084300000)
 Metaspace       used 64174K, committed 65664K, reserved 1114112K
  class space    used 8187K, committed 8832K, reserved 1048576K
}
Event: 46.300 GC heap after
{Heap after GC invocations=43 (full 3):
 PSYoungGen      total 21504K, used 512K [0x00000000d5580000, 0x00000000d6e00000, 0x0000000100000000)
  eden space 20992K, 0% used [0x00000000d5580000,0x00000000d5580000,0x00000000d6a00000)
  from space 512K, 100% used [0x00000000d6c80000,0x00000000d6d00000,0x00000000d6d00000)
  to   space 2048K, 0% used [0x00000000d6a00000,0x00000000d6a00000,0x00000000d6c00000)
 ParOldGen       total 68608K, used 42286K [0x0000000080000000, 0x0000000084300000, 0x00000000d5580000)
  object space 68608K, 61% used [0x0000000080000000,0x000000008294b850,0x0000000084300000)
 Metaspace       used 64174K, committed 65664K, reserved 1114112K
  class space    used 8187K, committed 8832K, reserved 1048576K
}
Event: 47.369 GC heap before
{Heap before GC invocations=44 (full 3):
 PSYoungGen      total 21504K, used 21504K [0x00000000d5580000, 0x00000000d6e00000, 0x0000000100000000)
  eden space 20992K, 100% used [0x00000000d5580000,0x00000000d6a00000,0x00000000d6a00000)
  from space 512K, 100% used [0x00000000d6c80000,0x00000000d6d00000,0x00000000d6d00000)
  to   space 2048K, 0% used [0x00000000d6a00000,0x00000000d6a00000,0x00000000d6c00000)
 ParOldGen       total 68608K, used 42286K [0x0000000080000000, 0x0000000084300000, 0x00000000d5580000)
  object space 68608K, 61% used [0x0000000080000000,0x000000008294b850,0x0000000084300000)
 Metaspace       used 64874K, committed 66368K, reserved 1114112K
  class space    used 8248K, committed 8896K, reserved 1048576K
}
Event: 47.372 GC heap after
{Heap after GC invocations=44 (full 3):
 PSYoungGen      total 22016K, used 727K [0x00000000d5580000, 0x00000000d6d00000, 0x0000000100000000)
  eden space 20992K, 0% used [0x00000000d5580000,0x00000000d5580000,0x00000000d6a00000)
  from space 1024K, 71% used [0x00000000d6a00000,0x00000000d6ab5e18,0x00000000d6b00000)
  to   space 1536K, 0% used [0x00000000d6b80000,0x00000000d6b80000,0x00000000d6d00000)
 ParOldGen       total 68608K, used 42802K [0x0000000080000000, 0x0000000084300000, 0x00000000d5580000)
  object space 68608K, 62% used [0x0000000080000000,0x00000000829cc9a8,0x0000000084300000)
 Metaspace       used 64874K, committed 66368K, reserved 1114112K
  class space    used 8248K, committed 8896K, reserved 1048576K
}
Event: 54.751 GC heap before
{Heap before GC invocations=45 (full 3):
 PSYoungGen      total 22016K, used 21719K [0x00000000d5580000, 0x00000000d6d00000, 0x0000000100000000)
  eden space 20992K, 100% used [0x00000000d5580000,0x00000000d6a00000,0x00000000d6a00000)
  from space 1024K, 71% used [0x00000000d6a00000,0x00000000d6ab5e18,0x00000000d6b00000)
  to   space 1536K, 0% used [0x00000000d6b80000,0x00000000d6b80000,0x00000000d6d00000)
 ParOldGen       total 68608K, used 42802K [0x0000000080000000, 0x0000000084300000, 0x00000000d5580000)
  object space 68608K, 62% used [0x0000000080000000,0x00000000829cc9a8,0x0000000084300000)
 Metaspace       used 65089K, committed 66688K, reserved 1114112K
  class space    used 8258K, committed 8960K, reserved 1048576K
}
Event: 54.752 GC heap after
{Heap after GC invocations=45 (full 3):
 PSYoungGen      total 21504K, used 384K [0x00000000d5580000, 0x00000000d6c00000, 0x0000000100000000)
  eden space 20992K, 0% used [0x00000000d5580000,0x00000000d5580000,0x00000000d6a00000)
  from space 512K, 75% used [0x00000000d6b80000,0x00000000d6be0000,0x00000000d6c00000)
  to   space 1024K, 0% used [0x00000000d6a00000,0x00000000d6a00000,0x00000000d6b00000)
 ParOldGen       total 68608K, used 43385K [0x0000000080000000, 0x0000000084300000, 0x00000000d5580000)
  object space 68608K, 63% used [0x0000000080000000,0x0000000082a5e7c0,0x0000000084300000)
 Metaspace       used 65089K, committed 66688K, reserved 1114112K
  class space    used 8258K, committed 8960K, reserved 1048576K
}

